Determining size of bool failed with the following output:
Change Dir: /home/seop/scarab/src/build/opt/CMakeFiles/CMakeTmp

Run Build Command(s):/usr/bin/make cmTC_bcd69/fast && make[1]: Entering directory '/home/seop/scarab/src/build/opt/CMakeFiles/CMakeTmp'
/usr/bin/make -f CMakeFiles/cmTC_bcd69.dir/build.make CMakeFiles/cmTC_bcd69.dir/build
make[2]: Entering directory '/home/seop/scarab/src/build/opt/CMakeFiles/CMakeTmp'
Building C object CMakeFiles/cmTC_bcd69.dir/DR_DO_NOT_DEFINE_bool.c.o
/usr/bin/gcc    -o CMakeFiles/cmTC_bcd69.dir/DR_DO_NOT_DEFINE_bool.c.o   -c /home/seop/scarab/src/build/opt/CMakeFiles/CheckTypeSize/DR_DO_NOT_DEFINE_bool.c
/home/seop/scarab/src/build/opt/CMakeFiles/CheckTypeSize/DR_DO_NOT_DEFINE_bool.c:23:22: error: 'bool' undeclared here (not in a function)
   23 | #define SIZE (sizeof(bool))
      |                      ^~~~
/home/seop/scarab/src/build/opt/CMakeFiles/CheckTypeSize/DR_DO_NOT_DEFINE_bool.c:25:12: note: in expansion of macro 'SIZE'
   25 |   ('0' + ((SIZE / 10000)%10)),
      |            ^~~~
make[2]: *** [CMakeFiles/cmTC_bcd69.dir/build.make:66: CMakeFiles/cmTC_bcd69.dir/DR_DO_NOT_DEFINE_bool.c.o] Error 1
make[2]: Leaving directory '/home/seop/scarab/src/build/opt/CMakeFiles/CMakeTmp'
make[1]: *** [Makefile:121: cmTC_bcd69/fast] Error 2
make[1]: Leaving directory '/home/seop/scarab/src/build/opt/CMakeFiles/CMakeTmp'


/home/seop/scarab/src/build/opt/CMakeFiles/CheckTypeSize/DR_DO_NOT_DEFINE_bool.c:
#include <sys/types.h>
#include <stdint.h>
#include <stddef.h>


#undef KEY
#if defined(__i386)
# define KEY '_','_','i','3','8','6'
#elif defined(__x86_64)
# define KEY '_','_','x','8','6','_','6','4'
#elif defined(__ppc__)
# define KEY '_','_','p','p','c','_','_'
#elif defined(__ppc64__)
# define KEY '_','_','p','p','c','6','4','_','_'
#elif defined(__aarch64__)
# define KEY '_','_','a','a','r','c','h','6','4','_','_'
#elif defined(__ARM_ARCH_7A__)
# define KEY '_','_','A','R','M','_','A','R','C','H','_','7','A','_','_'
#elif defined(__ARM_ARCH_7S__)
# define KEY '_','_','A','R','M','_','A','R','C','H','_','7','S','_','_'
#endif

#define SIZE (sizeof(bool))
static char info_size[] =  {'I', 'N', 'F', 'O', ':', 's','i','z','e','[',
  ('0' + ((SIZE / 10000)%10)),
  ('0' + ((SIZE / 1000)%10)),
  ('0' + ((SIZE / 100)%10)),
  ('0' + ((SIZE / 10)%10)),
  ('0' +  (SIZE    % 10)),
  ']',
#ifdef KEY
  ' ','k','e','y','[', KEY, ']',
#endif
  '\0'};

#ifdef __CLASSIC_C__
int main(argc, argv) int argc; char *argv[];
#else
int main(int argc, char *argv[])
#endif
{
  int require = 0;
  require += info_size[argc];
  (void)argv;
  return require;
}


Determining size of byte failed with the following output:
Change Dir: /home/seop/scarab/src/build/opt/CMakeFiles/CMakeTmp

Run Build Command(s):/usr/bin/make cmTC_bf5ce/fast && make[1]: Entering directory '/home/seop/scarab/src/build/opt/CMakeFiles/CMakeTmp'
/usr/bin/make -f CMakeFiles/cmTC_bf5ce.dir/build.make CMakeFiles/cmTC_bf5ce.dir/build
make[2]: Entering directory '/home/seop/scarab/src/build/opt/CMakeFiles/CMakeTmp'
Building C object CMakeFiles/cmTC_bf5ce.dir/DR_DO_NOT_DEFINE_byte.c.o
/usr/bin/gcc    -o CMakeFiles/cmTC_bf5ce.dir/DR_DO_NOT_DEFINE_byte.c.o   -c /home/seop/scarab/src/build/opt/CMakeFiles/CheckTypeSize/DR_DO_NOT_DEFINE_byte.c
/home/seop/scarab/src/build/opt/CMakeFiles/CheckTypeSize/DR_DO_NOT_DEFINE_byte.c:23:22: error: 'byte' undeclared here (not in a function)
   23 | #define SIZE (sizeof(byte))
      |                      ^~~~
/home/seop/scarab/src/build/opt/CMakeFiles/CheckTypeSize/DR_DO_NOT_DEFINE_byte.c:25:12: note: in expansion of macro 'SIZE'
   25 |   ('0' + ((SIZE / 10000)%10)),
      |            ^~~~
make[2]: *** [CMakeFiles/cmTC_bf5ce.dir/build.make:66: CMakeFiles/cmTC_bf5ce.dir/DR_DO_NOT_DEFINE_byte.c.o] Error 1
make[2]: Leaving directory '/home/seop/scarab/src/build/opt/CMakeFiles/CMakeTmp'
make[1]: *** [Makefile:121: cmTC_bf5ce/fast] Error 2
make[1]: Leaving directory '/home/seop/scarab/src/build/opt/CMakeFiles/CMakeTmp'


/home/seop/scarab/src/build/opt/CMakeFiles/CheckTypeSize/DR_DO_NOT_DEFINE_byte.c:
#include <sys/types.h>
#include <stdint.h>
#include <stddef.h>


#undef KEY
#if defined(__i386)
# define KEY '_','_','i','3','8','6'
#elif defined(__x86_64)
# define KEY '_','_','x','8','6','_','6','4'
#elif defined(__ppc__)
# define KEY '_','_','p','p','c','_','_'
#elif defined(__ppc64__)
# define KEY '_','_','p','p','c','6','4','_','_'
#elif defined(__aarch64__)
# define KEY '_','_','a','a','r','c','h','6','4','_','_'
#elif defined(__ARM_ARCH_7A__)
# define KEY '_','_','A','R','M','_','A','R','C','H','_','7','A','_','_'
#elif defined(__ARM_ARCH_7S__)
# define KEY '_','_','A','R','M','_','A','R','C','H','_','7','S','_','_'
#endif

#define SIZE (sizeof(byte))
static char info_size[] =  {'I', 'N', 'F', 'O', ':', 's','i','z','e','[',
  ('0' + ((SIZE / 10000)%10)),
  ('0' + ((SIZE / 1000)%10)),
  ('0' + ((SIZE / 100)%10)),
  ('0' + ((SIZE / 10)%10)),
  ('0' +  (SIZE    % 10)),
  ']',
#ifdef KEY
  ' ','k','e','y','[', KEY, ']',
#endif
  '\0'};

#ifdef __CLASSIC_C__
int main(argc, argv) int argc; char *argv[];
#else
int main(int argc, char *argv[])
#endif
{
  int require = 0;
  require += info_size[argc];
  (void)argv;
  return require;
}


Determining size of sbyte failed with the following output:
Change Dir: /home/seop/scarab/src/build/opt/CMakeFiles/CMakeTmp

Run Build Command(s):/usr/bin/make cmTC_740ab/fast && make[1]: Entering directory '/home/seop/scarab/src/build/opt/CMakeFiles/CMakeTmp'
/usr/bin/make -f CMakeFiles/cmTC_740ab.dir/build.make CMakeFiles/cmTC_740ab.dir/build
make[2]: Entering directory '/home/seop/scarab/src/build/opt/CMakeFiles/CMakeTmp'
Building C object CMakeFiles/cmTC_740ab.dir/DR_DO_NOT_DEFINE_sbyte.c.o
/usr/bin/gcc    -o CMakeFiles/cmTC_740ab.dir/DR_DO_NOT_DEFINE_sbyte.c.o   -c /home/seop/scarab/src/build/opt/CMakeFiles/CheckTypeSize/DR_DO_NOT_DEFINE_sbyte.c
/home/seop/scarab/src/build/opt/CMakeFiles/CheckTypeSize/DR_DO_NOT_DEFINE_sbyte.c:23:22: error: 'sbyte' undeclared here (not in a function)
   23 | #define SIZE (sizeof(sbyte))
      |                      ^~~~~
/home/seop/scarab/src/build/opt/CMakeFiles/CheckTypeSize/DR_DO_NOT_DEFINE_sbyte.c:25:12: note: in expansion of macro 'SIZE'
   25 |   ('0' + ((SIZE / 10000)%10)),
      |            ^~~~
make[2]: *** [CMakeFiles/cmTC_740ab.dir/build.make:66: CMakeFiles/cmTC_740ab.dir/DR_DO_NOT_DEFINE_sbyte.c.o] Error 1
make[2]: Leaving directory '/home/seop/scarab/src/build/opt/CMakeFiles/CMakeTmp'
make[1]: *** [Makefile:121: cmTC_740ab/fast] Error 2
make[1]: Leaving directory '/home/seop/scarab/src/build/opt/CMakeFiles/CMakeTmp'


/home/seop/scarab/src/build/opt/CMakeFiles/CheckTypeSize/DR_DO_NOT_DEFINE_sbyte.c:
#include <sys/types.h>
#include <stdint.h>
#include <stddef.h>


#undef KEY
#if defined(__i386)
# define KEY '_','_','i','3','8','6'
#elif defined(__x86_64)
# define KEY '_','_','x','8','6','_','6','4'
#elif defined(__ppc__)
# define KEY '_','_','p','p','c','_','_'
#elif defined(__ppc64__)
# define KEY '_','_','p','p','c','6','4','_','_'
#elif defined(__aarch64__)
# define KEY '_','_','a','a','r','c','h','6','4','_','_'
#elif defined(__ARM_ARCH_7A__)
# define KEY '_','_','A','R','M','_','A','R','C','H','_','7','A','_','_'
#elif defined(__ARM_ARCH_7S__)
# define KEY '_','_','A','R','M','_','A','R','C','H','_','7','S','_','_'
#endif

#define SIZE (sizeof(sbyte))
static char info_size[] =  {'I', 'N', 'F', 'O', ':', 's','i','z','e','[',
  ('0' + ((SIZE / 10000)%10)),
  ('0' + ((SIZE / 1000)%10)),
  ('0' + ((SIZE / 100)%10)),
  ('0' + ((SIZE / 10)%10)),
  ('0' +  (SIZE    % 10)),
  ']',
#ifdef KEY
  ' ','k','e','y','[', KEY, ']',
#endif
  '\0'};

#ifdef __CLASSIC_C__
int main(argc, argv) int argc; char *argv[];
#else
int main(int argc, char *argv[])
#endif
{
  int require = 0;
  require += info_size[argc];
  (void)argv;
  return require;
}


Determining size of uint32 failed with the following output:
Change Dir: /home/seop/scarab/src/build/opt/CMakeFiles/CMakeTmp

Run Build Command(s):/usr/bin/make cmTC_d9ded/fast && make[1]: Entering directory '/home/seop/scarab/src/build/opt/CMakeFiles/CMakeTmp'
/usr/bin/make -f CMakeFiles/cmTC_d9ded.dir/build.make CMakeFiles/cmTC_d9ded.dir/build
make[2]: Entering directory '/home/seop/scarab/src/build/opt/CMakeFiles/CMakeTmp'
Building C object CMakeFiles/cmTC_d9ded.dir/DR_DO_NOT_DEFINE_uint32.c.o
/usr/bin/gcc    -o CMakeFiles/cmTC_d9ded.dir/DR_DO_NOT_DEFINE_uint32.c.o   -c /home/seop/scarab/src/build/opt/CMakeFiles/CheckTypeSize/DR_DO_NOT_DEFINE_uint32.c
/home/seop/scarab/src/build/opt/CMakeFiles/CheckTypeSize/DR_DO_NOT_DEFINE_uint32.c:23:22: error: 'uint32' undeclared here (not in a function); did you mean 'uint32_t'?
   23 | #define SIZE (sizeof(uint32))
      |                      ^~~~~~
/home/seop/scarab/src/build/opt/CMakeFiles/CheckTypeSize/DR_DO_NOT_DEFINE_uint32.c:25:12: note: in expansion of macro 'SIZE'
   25 |   ('0' + ((SIZE / 10000)%10)),
      |            ^~~~
make[2]: *** [CMakeFiles/cmTC_d9ded.dir/build.make:66: CMakeFiles/cmTC_d9ded.dir/DR_DO_NOT_DEFINE_uint32.c.o] Error 1
make[2]: Leaving directory '/home/seop/scarab/src/build/opt/CMakeFiles/CMakeTmp'
make[1]: *** [Makefile:121: cmTC_d9ded/fast] Error 2
make[1]: Leaving directory '/home/seop/scarab/src/build/opt/CMakeFiles/CMakeTmp'


/home/seop/scarab/src/build/opt/CMakeFiles/CheckTypeSize/DR_DO_NOT_DEFINE_uint32.c:
#include <sys/types.h>
#include <stdint.h>
#include <stddef.h>


#undef KEY
#if defined(__i386)
# define KEY '_','_','i','3','8','6'
#elif defined(__x86_64)
# define KEY '_','_','x','8','6','_','6','4'
#elif defined(__ppc__)
# define KEY '_','_','p','p','c','_','_'
#elif defined(__ppc64__)
# define KEY '_','_','p','p','c','6','4','_','_'
#elif defined(__aarch64__)
# define KEY '_','_','a','a','r','c','h','6','4','_','_'
#elif defined(__ARM_ARCH_7A__)
# define KEY '_','_','A','R','M','_','A','R','C','H','_','7','A','_','_'
#elif defined(__ARM_ARCH_7S__)
# define KEY '_','_','A','R','M','_','A','R','C','H','_','7','S','_','_'
#endif

#define SIZE (sizeof(uint32))
static char info_size[] =  {'I', 'N', 'F', 'O', ':', 's','i','z','e','[',
  ('0' + ((SIZE / 10000)%10)),
  ('0' + ((SIZE / 1000)%10)),
  ('0' + ((SIZE / 100)%10)),
  ('0' + ((SIZE / 10)%10)),
  ('0' +  (SIZE    % 10)),
  ']',
#ifdef KEY
  ' ','k','e','y','[', KEY, ']',
#endif
  '\0'};

#ifdef __CLASSIC_C__
int main(argc, argv) int argc; char *argv[];
#else
int main(int argc, char *argv[])
#endif
{
  int require = 0;
  require += info_size[argc];
  (void)argv;
  return require;
}


Determining size of uint64 failed with the following output:
Change Dir: /home/seop/scarab/src/build/opt/CMakeFiles/CMakeTmp

Run Build Command(s):/usr/bin/make cmTC_0237d/fast && make[1]: Entering directory '/home/seop/scarab/src/build/opt/CMakeFiles/CMakeTmp'
/usr/bin/make -f CMakeFiles/cmTC_0237d.dir/build.make CMakeFiles/cmTC_0237d.dir/build
make[2]: Entering directory '/home/seop/scarab/src/build/opt/CMakeFiles/CMakeTmp'
Building C object CMakeFiles/cmTC_0237d.dir/DR_DO_NOT_DEFINE_uint64.c.o
/usr/bin/gcc    -o CMakeFiles/cmTC_0237d.dir/DR_DO_NOT_DEFINE_uint64.c.o   -c /home/seop/scarab/src/build/opt/CMakeFiles/CheckTypeSize/DR_DO_NOT_DEFINE_uint64.c
/home/seop/scarab/src/build/opt/CMakeFiles/CheckTypeSize/DR_DO_NOT_DEFINE_uint64.c:23:22: error: 'uint64' undeclared here (not in a function); did you mean 'uint64_t'?
   23 | #define SIZE (sizeof(uint64))
      |                      ^~~~~~
/home/seop/scarab/src/build/opt/CMakeFiles/CheckTypeSize/DR_DO_NOT_DEFINE_uint64.c:25:12: note: in expansion of macro 'SIZE'
   25 |   ('0' + ((SIZE / 10000)%10)),
      |            ^~~~
make[2]: *** [CMakeFiles/cmTC_0237d.dir/build.make:66: CMakeFiles/cmTC_0237d.dir/DR_DO_NOT_DEFINE_uint64.c.o] Error 1
make[2]: Leaving directory '/home/seop/scarab/src/build/opt/CMakeFiles/CMakeTmp'
make[1]: *** [Makefile:121: cmTC_0237d/fast] Error 2
make[1]: Leaving directory '/home/seop/scarab/src/build/opt/CMakeFiles/CMakeTmp'


/home/seop/scarab/src/build/opt/CMakeFiles/CheckTypeSize/DR_DO_NOT_DEFINE_uint64.c:
#include <sys/types.h>
#include <stdint.h>
#include <stddef.h>


#undef KEY
#if defined(__i386)
# define KEY '_','_','i','3','8','6'
#elif defined(__x86_64)
# define KEY '_','_','x','8','6','_','6','4'
#elif defined(__ppc__)
# define KEY '_','_','p','p','c','_','_'
#elif defined(__ppc64__)
# define KEY '_','_','p','p','c','6','4','_','_'
#elif defined(__aarch64__)
# define KEY '_','_','a','a','r','c','h','6','4','_','_'
#elif defined(__ARM_ARCH_7A__)
# define KEY '_','_','A','R','M','_','A','R','C','H','_','7','A','_','_'
#elif defined(__ARM_ARCH_7S__)
# define KEY '_','_','A','R','M','_','A','R','C','H','_','7','S','_','_'
#endif

#define SIZE (sizeof(uint64))
static char info_size[] =  {'I', 'N', 'F', 'O', ':', 's','i','z','e','[',
  ('0' + ((SIZE / 10000)%10)),
  ('0' + ((SIZE / 1000)%10)),
  ('0' + ((SIZE / 100)%10)),
  ('0' + ((SIZE / 10)%10)),
  ('0' +  (SIZE    % 10)),
  ']',
#ifdef KEY
  ' ','k','e','y','[', KEY, ']',
#endif
  '\0'};

#ifdef __CLASSIC_C__
int main(argc, argv) int argc; char *argv[];
#else
int main(int argc, char *argv[])
#endif
{
  int require = 0;
  require += info_size[argc];
  (void)argv;
  return require;
}


Determining size of int32 failed with the following output:
Change Dir: /home/seop/scarab/src/build/opt/CMakeFiles/CMakeTmp

Run Build Command(s):/usr/bin/make cmTC_78e4b/fast && make[1]: Entering directory '/home/seop/scarab/src/build/opt/CMakeFiles/CMakeTmp'
/usr/bin/make -f CMakeFiles/cmTC_78e4b.dir/build.make CMakeFiles/cmTC_78e4b.dir/build
make[2]: Entering directory '/home/seop/scarab/src/build/opt/CMakeFiles/CMakeTmp'
Building C object CMakeFiles/cmTC_78e4b.dir/DR_DO_NOT_DEFINE_int32.c.o
/usr/bin/gcc    -o CMakeFiles/cmTC_78e4b.dir/DR_DO_NOT_DEFINE_int32.c.o   -c /home/seop/scarab/src/build/opt/CMakeFiles/CheckTypeSize/DR_DO_NOT_DEFINE_int32.c
/home/seop/scarab/src/build/opt/CMakeFiles/CheckTypeSize/DR_DO_NOT_DEFINE_int32.c:23:22: error: 'int32' undeclared here (not in a function); did you mean 'int32_t'?
   23 | #define SIZE (sizeof(int32))
      |                      ^~~~~
/home/seop/scarab/src/build/opt/CMakeFiles/CheckTypeSize/DR_DO_NOT_DEFINE_int32.c:25:12: note: in expansion of macro 'SIZE'
   25 |   ('0' + ((SIZE / 10000)%10)),
      |            ^~~~
make[2]: *** [CMakeFiles/cmTC_78e4b.dir/build.make:66: CMakeFiles/cmTC_78e4b.dir/DR_DO_NOT_DEFINE_int32.c.o] Error 1
make[2]: Leaving directory '/home/seop/scarab/src/build/opt/CMakeFiles/CMakeTmp'
make[1]: *** [Makefile:121: cmTC_78e4b/fast] Error 2
make[1]: Leaving directory '/home/seop/scarab/src/build/opt/CMakeFiles/CMakeTmp'


/home/seop/scarab/src/build/opt/CMakeFiles/CheckTypeSize/DR_DO_NOT_DEFINE_int32.c:
#include <sys/types.h>
#include <stdint.h>
#include <stddef.h>


#undef KEY
#if defined(__i386)
# define KEY '_','_','i','3','8','6'
#elif defined(__x86_64)
# define KEY '_','_','x','8','6','_','6','4'
#elif defined(__ppc__)
# define KEY '_','_','p','p','c','_','_'
#elif defined(__ppc64__)
# define KEY '_','_','p','p','c','6','4','_','_'
#elif defined(__aarch64__)
# define KEY '_','_','a','a','r','c','h','6','4','_','_'
#elif defined(__ARM_ARCH_7A__)
# define KEY '_','_','A','R','M','_','A','R','C','H','_','7','A','_','_'
#elif defined(__ARM_ARCH_7S__)
# define KEY '_','_','A','R','M','_','A','R','C','H','_','7','S','_','_'
#endif

#define SIZE (sizeof(int32))
static char info_size[] =  {'I', 'N', 'F', 'O', ':', 's','i','z','e','[',
  ('0' + ((SIZE / 10000)%10)),
  ('0' + ((SIZE / 1000)%10)),
  ('0' + ((SIZE / 100)%10)),
  ('0' + ((SIZE / 10)%10)),
  ('0' +  (SIZE    % 10)),
  ']',
#ifdef KEY
  ' ','k','e','y','[', KEY, ']',
#endif
  '\0'};

#ifdef __CLASSIC_C__
int main(argc, argv) int argc; char *argv[];
#else
int main(int argc, char *argv[])
#endif
{
  int require = 0;
  require += info_size[argc];
  (void)argv;
  return require;
}


Determining size of int64 failed with the following output:
Change Dir: /home/seop/scarab/src/build/opt/CMakeFiles/CMakeTmp

Run Build Command(s):/usr/bin/make cmTC_b6ce8/fast && make[1]: Entering directory '/home/seop/scarab/src/build/opt/CMakeFiles/CMakeTmp'
/usr/bin/make -f CMakeFiles/cmTC_b6ce8.dir/build.make CMakeFiles/cmTC_b6ce8.dir/build
make[2]: Entering directory '/home/seop/scarab/src/build/opt/CMakeFiles/CMakeTmp'
Building C object CMakeFiles/cmTC_b6ce8.dir/DR_DO_NOT_DEFINE_int64.c.o
/usr/bin/gcc    -o CMakeFiles/cmTC_b6ce8.dir/DR_DO_NOT_DEFINE_int64.c.o   -c /home/seop/scarab/src/build/opt/CMakeFiles/CheckTypeSize/DR_DO_NOT_DEFINE_int64.c
/home/seop/scarab/src/build/opt/CMakeFiles/CheckTypeSize/DR_DO_NOT_DEFINE_int64.c:23:22: error: 'int64' undeclared here (not in a function); did you mean 'int64_t'?
   23 | #define SIZE (sizeof(int64))
      |                      ^~~~~
/home/seop/scarab/src/build/opt/CMakeFiles/CheckTypeSize/DR_DO_NOT_DEFINE_int64.c:25:12: note: in expansion of macro 'SIZE'
   25 |   ('0' + ((SIZE / 10000)%10)),
      |            ^~~~
make[2]: *** [CMakeFiles/cmTC_b6ce8.dir/build.make:66: CMakeFiles/cmTC_b6ce8.dir/DR_DO_NOT_DEFINE_int64.c.o] Error 1
make[2]: Leaving directory '/home/seop/scarab/src/build/opt/CMakeFiles/CMakeTmp'
make[1]: *** [Makefile:121: cmTC_b6ce8/fast] Error 2
make[1]: Leaving directory '/home/seop/scarab/src/build/opt/CMakeFiles/CMakeTmp'


/home/seop/scarab/src/build/opt/CMakeFiles/CheckTypeSize/DR_DO_NOT_DEFINE_int64.c:
#include <sys/types.h>
#include <stdint.h>
#include <stddef.h>


#undef KEY
#if defined(__i386)
# define KEY '_','_','i','3','8','6'
#elif defined(__x86_64)
# define KEY '_','_','x','8','6','_','6','4'
#elif defined(__ppc__)
# define KEY '_','_','p','p','c','_','_'
#elif defined(__ppc64__)
# define KEY '_','_','p','p','c','6','4','_','_'
#elif defined(__aarch64__)
# define KEY '_','_','a','a','r','c','h','6','4','_','_'
#elif defined(__ARM_ARCH_7A__)
# define KEY '_','_','A','R','M','_','A','R','C','H','_','7','A','_','_'
#elif defined(__ARM_ARCH_7S__)
# define KEY '_','_','A','R','M','_','A','R','C','H','_','7','S','_','_'
#endif

#define SIZE (sizeof(int64))
static char info_size[] =  {'I', 'N', 'F', 'O', ':', 's','i','z','e','[',
  ('0' + ((SIZE / 10000)%10)),
  ('0' + ((SIZE / 1000)%10)),
  ('0' + ((SIZE / 100)%10)),
  ('0' + ((SIZE / 10)%10)),
  ('0' +  (SIZE    % 10)),
  ']',
#ifdef KEY
  ' ','k','e','y','[', KEY, ']',
#endif
  '\0'};

#ifdef __CLASSIC_C__
int main(argc, argv) int argc; char *argv[];
#else
int main(int argc, char *argv[])
#endif
{
  int require = 0;
  require += info_size[argc];
  (void)argv;
  return require;
}


